09:20-11:00 Introduction
11:00-11:15 Exercises
11:15-11:35 Break
11:35-12:30 Numbers
12:30-13:30 Lunch
13:30-14:10 Exercises
14:10-14:30 Solutions
14:30-14:40 Break
14:40-15:40 Lists
15:40-17:00 Exercises
17:00-17:30 Solutions

09:30-10:30 Lists
10:30-10:50 Break
10:50-12:00 Exercises
12:00-12:30 Solutions
12:30-12:45 Dictionaries
12:45-14:15 Lunch
14:15-16:00 Exercises
16:00-16:15 Solutions
16:15-16:30 Break
16:30-17:00 Functions
17:00-17:30 Exercises

Introduction         100 minutes   10%
Exercises            340 minutes   35%
Break                 65 minutes    6%
Numbers               55 minutes    5%
Lunch                150 minutes   15%
Solutions             95 minutes    9%
Lists                120 minutes   12%
Dictionaries          15 minutes    1%
Functions             30 minutes    3%
