video-id user-id start/stop timestamp
A1  userid01    start   09/09/2018-11:55:40
A1  userid01    stop    09/09/2018-12:05:40
A1  userid01    start   09/09/2018-13:25:40
A1  userid01    stop    09/09/2018-14:40:40
B1  userid01    start   09/09/2018-14:40:41
A1  userid01    start   09/09/2018-15:55:40
B1  userid01    stop    09/09/2018-16:00:40
A1  userid01    stop    09/09/2018-16:05:40
A1  userid01    start   09/21/2018-11:55:40
B1  userid01    start   09/21/2018-12:00:40
A1  userid01    stop    09/21/2018-12:05:40
A1  userid02    start   09/21/2018-13:25:40
B1  userid01    stop    09/21/2018-14:00:00
A1  userid02    stop    09/21/2018-14:40:40
B1  userid01    start   09/21/2018-14:40:41
A1  userid01    start   09/21/2018-15:55:40
B1  userid01    stop    09/21/2018-16:00:40
A1  userid02    start   09/21/2018-16:03:40
A1  userid02    stop    09/21/2018-16:05:40
A1  userid01    stop    09/22/2018-12:05:40
A1  userid03    start   09/22/2018-13:25:40
B1  userid01    start   09/22/2018-14:40:41
C1  userid01    start   09/22/2018-15:55:40
B1  userid01    stop    09/22/2018-16:00:40
C1  userid01    stop    09/22/2018-16:05:40
C1  userid01    start   09/23/2018-11:55:40
C1  userid01    stop    09/23/2018-12:05:40
A1  userid01    start   09/23/2018-13:25:40
A1  userid03    stop    09/23/2018-14:40:20
A1  userid02    start   09/23/2018-14:40:40
B1  userid01    start   09/23/2018-14:40:41
A1  userid02    stop    09/23/2018- 15:55:40
B1  userid01    stop    09/23/2018-16:00:40
A1  userid01    stop    09/23/2018-16:05:40